<?xml version="1.0" encoding="UTF-8"?>
<testsuite name="org.apche.restaurant.service.PizzaServiceTest" time="0.388" tests="5" errors="0" skipped="0" failures="1">
  <properties>
[...]
</properties>
  <testcase name="testUpdatePizza" classname="org.apche.restaurant.service.PizzaServiceTest" time="0.034"/>
  <testcase name="testCreatePizza" classname="org.apche.restaurant.service.PizzaServiceTest" time="0.28"/>
  <testcase name="testGetPizzaById" classname="org.apche.restaurant.service.PizzaServiceTest" time="0.01"/>
  <testcase name="testGetAllPizzas" classname="org.apche.restaurant.service.PizzaServiceTest" time="0.027"/>
  <testcase name="testPizzasByName" classname="org.apche.restaurant.service.PizzaServiceTest" time="0.037">
    <failure message="expected:&lt;3&gt; but was:&lt;0&gt;" type="java.lang.AssertionError"><![CDATA[java.lang.AssertionError: expected:<3> but was:<0>
	at org.junit.Assert.fail(Assert.java:88)
	at org.junit.Assert.failNotEquals(Assert.java:834)
	at org.junit.Assert.assertEquals(Assert.java:645)
	at org.junit.Assert.assertEquals(Assert.java:631)
	at org.apche.restaurant.service.PizzaServiceTest.testPizzasByName(PizzaServiceTest.java:32)
]]></failure>
    <system-out><![CDATA[2022-09-03 09:18:09.274  INFO 11228 --- [           main] o.s.t.c.transaction.TransactionContext   : Began transaction (1) for test context [DefaultTestContext@231c521e testClass = PizzaServiceTest, testInstance = org.apche.restaurant.service.PizzaServiceTest@5b4880b3, testMethod = testPizzasByName@PizzaServiceTest, testException = [null], mergedContextConfiguration = [WebMergedContextConfiguration@643a73fa testClass = PizzaServiceTest, locations = '{}', classes = '{class org.apche.restaurant.SpringBootRestaurantApplication}', contextInitializerClasses = '[]', activeProfiles = '{}', propertySourceLocations = '{}', propertySourceProperties = '{org.springframework.boot.test.context.SpringBootTestContextBootstrapper=true}', contextCustomizers = set[org.springframework.boot.test.context.SpringBootTestContextCustomizer@2b552920, org.springframework.boot.test.context.filter.ExcludeFilterContextCustomizer@578486a3, org.springframework.boot.test.mock.mockito.MockitoContextCustomizer@0, org.springframework.boot.test.autoconfigure.properties.PropertyMappingContextCustomizer@0, org.springframework.boot.test.autoconfigure.web.servlet.WebDriverContextCustomizerFactory$Customizer@51cdd8a], resourceBasePath = 'src/main/webapp', contextLoader = 'org.springframework.boot.test.context.SpringBootContextLoader', parent = [null]]]; transaction manager [org.springframework.orm.jpa.JpaTransactionManager@62d21afd]; rollback [true]
Hibernate: select pizza0_.id as id1_0_, pizza0_.key_ingredients as key_ingr2_0_, pizza0_.name as name3_0_, pizza0_.price as price4_0_, pizza0_.restaurant_id as restaura5_0_, pizza0_.size as size6_0_ from pizza pizza0_ where upper(pizza0_.name) like upper(?)
2022-09-03 09:18:09.304  INFO 11228 --- [           main] o.s.t.c.transaction.TransactionContext   : Rolled back transaction for test context [DefaultTestContext@231c521e testClass = PizzaServiceTest, testInstance = org.apche.restaurant.service.PizzaServiceTest@5b4880b3, testMethod = testPizzasByName@PizzaServiceTest, testException = java.lang.AssertionError: expected:<3> but was:<0>, mergedContextConfiguration = [WebMergedContextConfiguration@643a73fa testClass = PizzaServiceTest, locations = '{}', classes = '{class org.apche.restaurant.SpringBootRestaurantApplication}', contextInitializerClasses = '[]', activeProfiles = '{}', propertySourceLocations = '{}', propertySourceProperties = '{org.springframework.boot.test.context.SpringBootTestContextBootstrapper=true}', contextCustomizers = set[org.springframework.boot.test.context.SpringBootTestContextCustomizer@2b552920, org.springframework.boot.test.context.filter.ExcludeFilterContextCustomizer@578486a3, org.springframework.boot.test.mock.mockito.MockitoContextCustomizer@0, org.springframework.boot.test.autoconfigure.properties.PropertyMappingContextCustomizer@0, org.springframework.boot.test.autoconfigure.web.servlet.WebDriverContextCustomizerFactory$Customizer@51cdd8a], resourceBasePath = 'src/main/webapp', contextLoader = 'org.springframework.boot.test.context.SpringBootContextLoader', parent = [null]]].
]]></system-out>
  </testcase>
</testsuite>